0 info it worked if it ends with ok
1 verbose cli [ 'C:\\Program Files\\nodejs\\node.exe',
1 verbose cli   'C:\\Users\\avinash.t\\AppData\\Roaming\\npm\\node_modules\\npm\\bin\\npm-cli.js',
1 verbose cli   'run',
1 verbose cli   'test' ]
2 info using npm@3.10.8
3 info using node@v8.9.4
4 verbose run-script [ 'pretest', 'test', 'posttest' ]
5 info lifecycle sf-chain@1.0.0~pretest: sf-chain@1.0.0
6 silly lifecycle sf-chain@1.0.0~pretest: no script for pretest, continuing
7 info lifecycle sf-chain@1.0.0~test: sf-chain@1.0.0
8 verbose lifecycle sf-chain@1.0.0~test: unsafe-perm in lifecycle true
9 verbose lifecycle sf-chain@1.0.0~test: PATH: C:\Users\avinash.t\AppData\Roaming\npm\node_modules\npm\bin\node-gyp-bin;F:\Javascript_Tech\SpringBoot\39_Block_Chain\sf-chain\node_modules\.bin;C:\Program Files (x86)\Common Files\Oracle\Java\javapath;GRAPHVIZ_DOT;"C:\Progra~1\Java\jdk1.8.0_45\bin";C:\ProgramData\Oracle\Java\javapath;C:\Program Files (x86)\Intel\TXE Components\TCS\;C:\Program Files\Intel\TXE Components\TCS\;C:\Windows\system32;C:\Windows;C:\Windows\System32\Wbem;C:\Windows\System32\WindowsPowerShell\v1.0\;C:\Program Files\Hewlett-Packard\SimplePass\;C:\Program Files (x86)\Windows Live\Shared;C:\Program Files (x86)\Microsoft ASP.NET\ASP.NET Web Pages\v1.0\;C:\Program Files\Microsoft SQL Server\110\Tools\Binn\;C:\Program Files\Microsoft\Web Platform Installer\;c:\Program Files (x86)\Microsoft SQL Server\110\Tools\Binn\;c:\Program Files (x86)\Microsoft SQL Server\110\DTS\Binn\;C:\Program Files\Calibre2\;exit;C:\Program Files\nodejs;C:\Program Files\MySQL\MySQL Utilities 1.6\;"C:\Users\avinash.t\AppData\Local\Android\sdk\platform-tools";C:\Program Files (x86)\GtkSharp\2.12\bin;C:\PROGRA~2\Groovy\GROOVY~1.7\bin;C:\Program Files (x86)\Brackets\command;C:\Program Files (x86)\QuickTime\QTSystem\;C:\Program Files\Cloud Foundry;"F:\Javascript_Tech\Eclipse_Java_EE\Gradle\gradle-3.4.1\bin";C:\Program Files\Microsoft Network Monitor 3\;C:\Users\avinash.t\Anaconda3\Scripts;"C:\Progra~1\Java\jdk1.8.0_101"\bin;C:\strawberry\c\bin;C:\strawberry\perl\bin;C:\Yarn\bin;C:\Program Files\nodejs\;C:\Program Files\Git LFS;C:\ProgramData\chocolatey\bin;C:\Program Files\Git\cmd;C:\Program Files\Git\mingw64\bin;C:\Program Files\Git\usr\bin;C:\Program Files (x86)\Windows Kits\8.1\Windows Performance Toolkit\;C:\Ruby24-x64\bin;C:\Users\avinash.t\.windows-build-tools\python27\;C:\Users\avinash.t\AppData\Roaming\npm\node_modules\npm\bin\node-gyp-bin;C:\Users\avinash.t\AppData\Roaming\npm\node_modules\windows-build-tools\node_modules\.bin;C:\Users\avinash.t\AppData\Roaming\npm\node_modules\.bin;GRAPHVIZ_DOT;"C:\Progra~1\Java\jdk1.8.0_45\bin";C:\ProgramData\Oracle\Java\javapath;C:\Program Files (x86)\Intel\TXE Components\TCS\;C:\Program Files\Intel\TXE Components\TCS\;C:\Windows\system32;C:\Windows;C:\Windows\System32\Wbem;C:\Windows\System32\WindowsPowerShell\v1.0\;C:\Program Files\Hewlett-Packard\SimplePass\;C:\Program Files (x86)\Windows Live\Shared;C:\Program Files (x86)\Microsoft ASP.NET\ASP.NET Web Pages\v1.0\;C:\Program Files (x86)\Windows Kits\8.0\Windows Performance Toolkit\;C:\Program Files\Microsoft SQL Server\110\Tools\Binn\;C:\Program Files\Microsoft\Web Platform Installer\;c:\Program Files (x86)\Microsoft SQL Server\110\Tools\Binn\;c:\Program Files (x86)\Microsoft SQL Server\110\DTS\Binn\;C:\Program Files\Calibre2\;exit;C:\Program Files\nodejs;C:\Program Files\MySQL\MySQL Utilities 1.6\;"C:\Users\avinash.t\AppData\Local\Android\sdk\platform-tools";C:\Program Files (x86)\GtkSharp\2.12\bin;C:\PROGRA~2\Groovy\GROOVY~1.7\bin;C:\Program Files (x86)\Brackets\command;C:\Program Files (x86)\QuickTime\QTSystem\;C:\Program Files\Cloud Foundry;"F:\Javascript_Tech\Eclipse_Java_EE\Gradle\gradle-3.4.1\bin";C:\Program Files (x86)\Skype\Phone\;C:\Program Files\Microsoft Network Monitor 3\;C:\Users\avinash.t\Anaconda3\Scripts;"C:\Progra~1\Java\jdk1.8.0_101"\bin;C:\strawberry\c\bin;C:\strawberry\perl\bin;C:\Program Files (x86)\HPE\LoadRunner\strawberry-perl\perl\bin;C:\Yarn\bin;C:\Program Files\nodejs\;C:\Program Files\Git LFS;C:\ProgramData\chocolatey\bin;C:\Program Files\Git\cmd;C:\Program Files\Git\mingw64\bin;C:\Program Files\Git\usr\bin;F:\Javascript_Tech\Eclipse_Java_EE\SPRING_CLI\spring-1.4.1.RELEASE\bin;C:\Program Files (x86)\Microsoft VS Code\bin;C:\Program Files\MongoDB\Server\3.2\bin;C:\spark\bin;C:\Phyton;C:\jdk\bin;c:\spark\bin;C:\Program Files\Heroku\bin;C:\Users\avinash.t\AppData\Local\Yarn\bin;C:\Users\avinash.t\AppData\Roaming\npm;C:\Program Files\GPAC;C:\Program Files\GPAC;C:\Program Files\GPAC
10 verbose lifecycle sf-chain@1.0.0~test: CWD: F:\Javascript_Tech\SpringBoot\39_Block_Chain\sf-chain
11 silly lifecycle sf-chain@1.0.0~test: Args: [ '/d /s /c', 'jest --watchAll' ]
12 verbose stack Error: kill ENOSYS
12 verbose stack     at Object._errnoException (util.js:1022:11)
12 verbose stack     at process.kill (internal/process.js:183:18)
12 verbose stack     at process.listener (C:\Users\avinash.t\AppData\Roaming\npm\node_modules\npm\node_modules\npmlog\node_modules\gauge\node_modules\signal-exit\index.js:86:15)
12 verbose stack     at emitNone (events.js:111:20)
12 verbose stack     at process.emit (events.js:208:7)
12 verbose stack     at processEmit (C:\Users\avinash.t\AppData\Roaming\npm\node_modules\npm\node_modules\npmlog\node_modules\gauge\node_modules\signal-exit\index.js:146:32)
12 verbose stack     at processEmit (C:\Users\avinash.t\AppData\Roaming\npm\node_modules\npm\node_modules\npm-registry-client\node_modules\npmlog\node_modules\gauge\node_modules\signal-exit\index.js:146:32)
12 verbose stack     at Signal.wrap.onsignal (internal/process.js:208:44)
13 verbose cwd F:\Javascript_Tech\SpringBoot\39_Block_Chain\sf-chain
14 error Windows_NT 6.3.9600
15 error argv "C:\\Program Files\\nodejs\\node.exe" "C:\\Users\\avinash.t\\AppData\\Roaming\\npm\\node_modules\\npm\\bin\\npm-cli.js" "run" "test"
16 error node v8.9.4
17 error npm  v3.10.8
18 error code ENOSYS
19 error errno ENOSYS
20 error syscall kill
21 error kill ENOSYS
22 error If you need help, you may report this error at:
22 error     <https://github.com/npm/npm/issues>
23 verbose exit [ 1, true ]
